<?xml version="1.0" encoding="UTF-8"?>
<testng-results skipped="0" failed="0" ignored="0" total="1" passed="1">
  <reporter-output>
  </reporter-output>
  <suite name="Default suite" duration-ms="3102" started-at="2020-10-29T13:13:02 IST" finished-at="2020-10-29T13:13:05 IST">
    <groups>
    </groups>
    <test name="Default test" duration-ms="3102" started-at="2020-10-29T13:13:02 IST" finished-at="2020-10-29T13:13:05 IST">
      <class name="com.BlzAPI.getAPIValdation">
        <test-method status="PASS" signature="validationapispaceX()[pri:0, instance:com.BlzAPI.getAPIValdation@458c1321]" name="validationapispaceX" duration-ms="3077" started-at="2020-10-29T13:13:02 IST" finished-at="2020-10-29T13:13:05 IST">
          <reporter-output>
          </reporter-output>
        </test-method> <!-- validationapispaceX -->
      </class> <!-- com.BlzAPI.getAPIValdation -->
    </test> <!-- Default test -->
  </suite> <!-- Default suite -->
</testng-results>
